<?xml version="1.0" encoding="UTF-8"?>
<testng-results ignored="0" total="1" passed="1" failed="0" skipped="0">
  <reporter-output>
  </reporter-output>
  <suite started-at="2024-06-20T18:07:58 IST" name="Default suite" finished-at="2024-06-20T18:08:07 IST" duration-ms="8808">
    <groups>
    </groups>
    <test started-at="2024-06-20T18:07:58 IST" name="Default test" finished-at="2024-06-20T18:08:07 IST" duration-ms="8808">
      <class name="BROWSER.Testbrowser">
        <test-method signature="tc1()[pri:0, instance:BROWSER.Testbrowser@64cd705f]" started-at="2024-06-20T18:07:58 IST" name="tc1" finished-at="2024-06-20T18:08:07 IST" duration-ms="8760" status="PASS">
          <reporter-output>
          </reporter-output>
        </test-method> <!-- tc1 -->
      </class> <!-- BROWSER.Testbrowser -->
    </test> <!-- Default test -->
  </suite> <!-- Default suite -->
</testng-results>
